2025-10-01 11:22:24,879 - INFO - Loading detection model: D:\RaihanFarid\Dokumen\Object Detection\CV_model\CCTV2.onnx
2025-10-01 11:22:24,882 - INFO - Model loaded successfully
2025-10-01 11:22:25,864 - INFO - Loaded sound for class 0: D:\RaihanFarid\Dokumen\Object Detection\usedAudio\positive-notification-alert-351299.mp3
2025-10-01 11:22:25,869 - INFO - Loaded sound for class 1: D:\RaihanFarid\Dokumen\Object Detection\usedAudio\new-notification-026-380249.mp3
2025-10-01 11:22:25,870 - INFO - Loaded default sound: D:\RaihanFarid\Dokumen\Object Detection\usedAudio\notification-alert-269289.mp3
2025-10-01 11:22:25,871 - INFO - AudioManager initialized successfully
2025-10-01 11:22:26,594 - INFO - Video source initialized: 0
2025-10-01 11:22:26,595 - INFO - ObjectDetector initialized successfully
2025-10-01 11:22:38,464 - INFO - Application shut down successfully
2025-10-01 11:23:42,330 - INFO - Loading detection model: D:\RaihanFarid\Dokumen\Object Detection\CV_model\CCTV2.onnx
2025-10-01 11:23:42,332 - INFO - Model loaded successfully
2025-10-01 11:23:43,318 - INFO - Loaded sound for class 0: D:\RaihanFarid\Dokumen\Object Detection\usedAudio\positive-notification-alert-351299.mp3
2025-10-01 11:23:43,323 - INFO - Loaded sound for class 1: D:\RaihanFarid\Dokumen\Object Detection\usedAudio\new-notification-026-380249.mp3
2025-10-01 11:23:43,323 - INFO - Loaded default sound: D:\RaihanFarid\Dokumen\Object Detection\usedAudio\notification-alert-269289.mp3
2025-10-01 11:23:43,324 - INFO - AudioManager initialized successfully
2025-10-01 11:24:13,530 - ERROR - Failed to open video source: rtsp://admin:CemaraMas2025!@192.168.2.190:554/Streaming/Channels/101
2025-10-01 11:24:13,531 - ERROR - Failed to initialize ObjectDetector: Failed to initialize video source
2025-10-01 11:24:13,531 - CRITICAL - Failed to start application: Failed to initialize video source
2025-10-01 11:24:17,954 - INFO - Loading detection model: D:\RaihanFarid\Dokumen\Object Detection\CV_model\CCTV2.onnx
2025-10-01 11:24:17,955 - INFO - Model loaded successfully
2025-10-01 11:24:18,896 - INFO - Loaded sound for class 0: D:\RaihanFarid\Dokumen\Object Detection\usedAudio\positive-notification-alert-351299.mp3
2025-10-01 11:24:18,900 - INFO - Loaded sound for class 1: D:\RaihanFarid\Dokumen\Object Detection\usedAudio\new-notification-026-380249.mp3
2025-10-01 11:24:18,901 - INFO - Loaded default sound: D:\RaihanFarid\Dokumen\Object Detection\usedAudio\notification-alert-269289.mp3
2025-10-01 11:24:18,902 - INFO - AudioManager initialized successfully
2025-10-01 11:24:25,148 - INFO - Video source initialized: rtsp://admin:CemaraMas2025!@192.168.2.190:554/Streaming/Channels/101
2025-10-01 11:24:25,148 - INFO - ObjectDetector initialized successfully
2025-10-01 11:24:54,747 - INFO - Application shut down successfully
2025-10-01 11:25:05,802 - INFO - Loading detection model: D:\RaihanFarid\Dokumen\Object Detection\CV_model\CCTV1.onnx
2025-10-01 11:25:05,805 - INFO - Model loaded successfully
2025-10-01 11:25:06,796 - INFO - Loaded sound for class 0: D:\RaihanFarid\Dokumen\Object Detection\usedAudio\positive-notification-alert-351299.mp3
2025-10-01 11:25:06,801 - INFO - Loaded sound for class 1: D:\RaihanFarid\Dokumen\Object Detection\usedAudio\new-notification-026-380249.mp3
2025-10-01 11:25:06,801 - INFO - Loaded default sound: D:\RaihanFarid\Dokumen\Object Detection\usedAudio\notification-alert-269289.mp3
2025-10-01 11:25:06,802 - INFO - AudioManager initialized successfully
2025-10-01 11:25:20,045 - ERROR - Failed to read test frame from video source
2025-10-01 11:25:20,045 - ERROR - Failed to initialize ObjectDetector: Failed to initialize video source
2025-10-01 11:25:20,045 - CRITICAL - Failed to start application: Failed to initialize video source
2025-10-01 11:25:34,360 - INFO - Loading detection model: D:\RaihanFarid\Dokumen\Object Detection\CV_model\CCTV1.onnx
2025-10-01 11:25:34,362 - INFO - Model loaded successfully
2025-10-01 11:25:35,333 - INFO - Loaded sound for class 0: D:\RaihanFarid\Dokumen\Object Detection\usedAudio\positive-notification-alert-351299.mp3
2025-10-01 11:25:35,338 - INFO - Loaded sound for class 1: D:\RaihanFarid\Dokumen\Object Detection\usedAudio\new-notification-026-380249.mp3
2025-10-01 11:25:35,339 - INFO - Loaded default sound: D:\RaihanFarid\Dokumen\Object Detection\usedAudio\notification-alert-269289.mp3
2025-10-01 11:25:35,340 - INFO - AudioManager initialized successfully
2025-10-01 11:25:49,060 - INFO - Video source initialized: rtsp://admin:CemaraMas2025!@192.168.2.190:554/Streaming/Channels/101
2025-10-01 11:25:49,062 - INFO - ObjectDetector initialized successfully
2025-10-01 11:26:08,532 - INFO - Application shut down successfully
