2025-09-23 08:05:50,535 - INFO - Loading detection model: D:\RaihanFarid\Dokumen\Object Detection\CV_model\secondBest-Copy.torchscript
2025-09-23 08:05:50,541 - INFO - Successfully loaded detection model: D:\RaihanFarid\Dokumen\Object Detection\CV_model\secondBest-Copy.torchscript
2025-09-23 08:05:51,556 - ERROR - Failed to open video source: 1
2025-09-23 08:05:51,557 - ERROR - Failed to initialize ObjectDetector: Failed to initialize video source
2025-09-23 08:05:51,557 - CRITICAL - Failed to start application: Failed to initialize video source
2025-09-23 08:06:23,639 - INFO - Loading detection model: D:\RaihanFarid\Dokumen\Object Detection\CV_model\secondBest-Copy.torchscript
2025-09-23 08:06:23,642 - INFO - Successfully loaded detection model: D:\RaihanFarid\Dokumen\Object Detection\CV_model\secondBest-Copy.torchscript
2025-09-23 08:06:25,267 - INFO - Video source initialized: 0
2025-09-23 08:06:25,267 - INFO - ObjectDetector initialized successfully
2025-09-23 08:06:35,084 - INFO - Application shut down successfully
2025-09-23 08:08:07,935 - INFO - Loading detection model: D:\RaihanFarid\Dokumen\Object Detection\CV_model\IPE1.torchscript
2025-09-23 08:08:07,942 - INFO - Successfully loaded detection model: D:\RaihanFarid\Dokumen\Object Detection\CV_model\IPE1.torchscript
2025-09-23 08:08:09,437 - INFO - Video source initialized: 0
2025-09-23 08:08:09,438 - INFO - ObjectDetector initialized successfully
2025-09-23 08:09:00,153 - INFO - Application shut down successfully
2025-09-23 08:35:40,266 - INFO - Loading detection model: D:\RaihanFarid\Dokumen\Object Detection\CV_model\IPE1.torchscript
2025-09-23 08:35:40,272 - INFO - Successfully loaded detection model: D:\RaihanFarid\Dokumen\Object Detection\CV_model\IPE1.torchscript
2025-09-23 08:35:41,941 - INFO - Video source initialized: 0
2025-09-23 08:35:41,941 - INFO - ObjectDetector initialized successfully
2025-09-23 08:35:48,247 - INFO - Application shut down successfully
2025-09-23 08:37:25,684 - INFO - Loading detection model: D:\RaihanFarid\Dokumen\Object Detection\CV_model\Segmentation1.torchscript
2025-09-23 08:37:25,690 - INFO - Successfully loaded detection model: D:\RaihanFarid\Dokumen\Object Detection\CV_model\Segmentation1.torchscript
2025-09-23 08:37:27,301 - INFO - Video source initialized: 0
2025-09-23 08:37:27,302 - INFO - ObjectDetector initialized successfully
2025-09-23 08:37:29,391 - ERROR - Error processing frame: 4
2025-09-23 08:37:30,008 - ERROR - Error processing frame: 4
2025-09-23 08:37:30,498 - ERROR - Error processing frame: 4
2025-09-23 08:37:30,499 - WARNING - Model failures exceeded threshold, attempting to switch model
2025-09-23 08:37:30,499 - ERROR - No alternative models available
2025-09-23 08:37:30,934 - ERROR - Error processing frame: 4
2025-09-23 08:37:30,934 - WARNING - Model failures exceeded threshold, attempting to switch model
2025-09-23 08:37:30,934 - ERROR - No alternative models available
2025-09-23 08:37:31,363 - ERROR - Error processing frame: 4
2025-09-23 08:37:31,363 - WARNING - Model failures exceeded threshold, attempting to switch model
2025-09-23 08:37:31,364 - ERROR - No alternative models available
2025-09-23 08:37:31,805 - ERROR - Error processing frame: 4
2025-09-23 08:37:31,806 - WARNING - Model failures exceeded threshold, attempting to switch model
2025-09-23 08:37:31,806 - ERROR - No alternative models available
2025-09-23 08:37:32,279 - ERROR - Error processing frame: 4
2025-09-23 08:37:32,279 - WARNING - Model failures exceeded threshold, attempting to switch model
2025-09-23 08:37:32,279 - ERROR - No alternative models available
2025-09-23 08:37:32,760 - ERROR - Error processing frame: 4
2025-09-23 08:37:32,760 - WARNING - Model failures exceeded threshold, attempting to switch model
2025-09-23 08:37:32,760 - ERROR - No alternative models available
2025-09-23 08:37:33,571 - INFO - Application shut down successfully
2025-09-23 08:38:28,889 - INFO - Loading detection model: D:\RaihanFarid\Dokumen\Object Detection\CV_model\Segmentation1.torchscript
2025-09-23 08:38:28,892 - INFO - Successfully loaded detection model: D:\RaihanFarid\Dokumen\Object Detection\CV_model\Segmentation1.torchscript
2025-09-23 08:38:30,384 - INFO - Video source initialized: 0
2025-09-23 08:38:30,384 - INFO - ObjectDetector initialized successfully
2025-09-23 08:38:31,897 - ERROR - Error processing frame: 4
2025-09-23 08:38:32,474 - ERROR - Error processing frame: 4
2025-09-23 08:38:32,920 - ERROR - Error processing frame: 4
2025-09-23 08:38:32,920 - WARNING - Model failures exceeded threshold, attempting to switch model
2025-09-23 08:38:32,921 - ERROR - No alternative models available
2025-09-23 08:38:33,352 - ERROR - Error processing frame: 4
2025-09-23 08:38:33,352 - WARNING - Model failures exceeded threshold, attempting to switch model
2025-09-23 08:38:33,353 - ERROR - No alternative models available
2025-09-23 08:38:34,123 - INFO - Application shut down successfully
